
**** Build of configuration Debug for project Lab1_B ****

"C:\\ti\\ccsv7\\utils\\bin\\gmake" -k -j 4 all -O 
 
'Building file: "../Lab1_A.s"'
'Invoking: MSP432 Compiler'
"C:/ti/ccsv7/tools/compiler/ti-cgt-arm_16.9.6.LTS/bin/armcl" -mv7M4 --code_state=16 --float_support=FPv4SPD16 -me --include_path="C:/ti/ccsv7/ccs_base/arm/include" --include_path="C:/Users/Alex Perera/Desktop/uP2/CCS_uP2/Libraries/BoardSupportPackage/DriverLib" --include_path="C:/Users/Alex Perera/Desktop/uP2/CCS_uP2/Libraries/BoardSupportPackage/inc" --include_path="C:/Users/Alex Perera/Desktop/uP2/CCS_uP2/Libraries/BoardSupportPackage/src" --include_path="C:/ti/ccsv7/ccs_base/arm/include/CMSIS" --include_path="C:/Users/Alex Perera/Desktop/uP2/CCS_uP2/Lab1_B" --include_path="C:/ti/ccsv7/tools/compiler/ti-cgt-arm_16.9.6.LTS/include" --advice:power=all --define=__MSP432P401R__ --define=TARGET_IS_MSP432P4XX --define=ccs -g --c99 --gcc --diag_warning=225 --diag_wrap=off --display_error_number --abi=eabi --preproc_with_compile --preproc_dependency="Lab1_A.d_raw"  "../Lab1_A.s"
'Finished building: "../Lab1_A.s"'
 
'Building file: "../startup_msp432p401r_ccs.c"'
'Invoking: MSP432 Compiler'
"C:/ti/ccsv7/tools/compiler/ti-cgt-arm_16.9.6.LTS/bin/armcl" -mv7M4 --code_state=16 --float_support=FPv4SPD16 -me --include_path="C:/ti/ccsv7/ccs_base/arm/include" --include_path="C:/Users/Alex Perera/Desktop/uP2/CCS_uP2/Libraries/BoardSupportPackage/DriverLib" --include_path="C:/Users/Alex Perera/Desktop/uP2/CCS_uP2/Libraries/BoardSupportPackage/inc" --include_path="C:/Users/Alex Perera/Desktop/uP2/CCS_uP2/Libraries/BoardSupportPackage/src" --include_path="C:/ti/ccsv7/ccs_base/arm/include/CMSIS" --include_path="C:/Users/Alex Perera/Desktop/uP2/CCS_uP2/Lab1_B" --include_path="C:/ti/ccsv7/tools/compiler/ti-cgt-arm_16.9.6.LTS/include" --advice:power=all --define=__MSP432P401R__ --define=TARGET_IS_MSP432P4XX --define=ccs -g --c99 --gcc --diag_warning=225 --diag_wrap=off --display_error_number --abi=eabi --preproc_with_compile --preproc_dependency="startup_msp432p401r_ccs.d_raw"  "../startup_msp432p401r_ccs.c"
'Finished building: "../startup_msp432p401r_ccs.c"'
 
'Building file: "../main.c"'
'Invoking: MSP432 Compiler'
"C:/ti/ccsv7/tools/compiler/ti-cgt-arm_16.9.6.LTS/bin/armcl" -mv7M4 --code_state=16 --float_support=FPv4SPD16 -me --include_path="C:/ti/ccsv7/ccs_base/arm/include" --include_path="C:/Users/Alex Perera/Desktop/uP2/CCS_uP2/Libraries/BoardSupportPackage/DriverLib" --include_path="C:/Users/Alex Perera/Desktop/uP2/CCS_uP2/Libraries/BoardSupportPackage/inc" --include_path="C:/Users/Alex Perera/Desktop/uP2/CCS_uP2/Libraries/BoardSupportPackage/src" --include_path="C:/ti/ccsv7/ccs_base/arm/include/CMSIS" --include_path="C:/Users/Alex Perera/Desktop/uP2/CCS_uP2/Lab1_B" --include_path="C:/ti/ccsv7/tools/compiler/ti-cgt-arm_16.9.6.LTS/include" --advice:power=all --define=__MSP432P401R__ --define=TARGET_IS_MSP432P4XX --define=ccs -g --c99 --gcc --diag_warning=225 --diag_wrap=off --display_error_number --abi=eabi --preproc_with_compile --preproc_dependency="main.d_raw"  "../main.c"
"../main.c", line 21: warning #169-D: argument of type "uint8_t (*)[4]" is incompatible with parameter of type "uint8_t *"
"../main.c", line 52: warning #129-D: loop is not reachable
"../main.c", line 31: remark #1527-D: (ULP 2.1) Detected SW delay loop using empty loop. Recommend using a timer module instead
"../main.c", line 52: remark #1527-D: (ULP 2.1) Detected SW delay loop using empty loop. Recommend using a timer module instead
'Finished building: "../main.c"'
 
'Building file: "../system_msp432p401r.c"'
'Invoking: MSP432 Compiler'
"C:/ti/ccsv7/tools/compiler/ti-cgt-arm_16.9.6.LTS/bin/armcl" -mv7M4 --code_state=16 --float_support=FPv4SPD16 -me --include_path="C:/ti/ccsv7/ccs_base/arm/include" --include_path="C:/Users/Alex Perera/Desktop/uP2/CCS_uP2/Libraries/BoardSupportPackage/DriverLib" --include_path="C:/Users/Alex Perera/Desktop/uP2/CCS_uP2/Libraries/BoardSupportPackage/inc" --include_path="C:/Users/Alex Perera/Desktop/uP2/CCS_uP2/Libraries/BoardSupportPackage/src" --include_path="C:/ti/ccsv7/ccs_base/arm/include/CMSIS" --include_path="C:/Users/Alex Perera/Desktop/uP2/CCS_uP2/Lab1_B" --include_path="C:/ti/ccsv7/tools/compiler/ti-cgt-arm_16.9.6.LTS/include" --advice:power=all --define=__MSP432P401R__ --define=TARGET_IS_MSP432P4XX --define=ccs -g --c99 --gcc --diag_warning=225 --diag_wrap=off --display_error_number --abi=eabi --preproc_with_compile --preproc_dependency="system_msp432p401r.d_raw"  "../system_msp432p401r.c"
"../system_msp432p401r.c", line 112: remark #2623-D: (ULP 5.4) Detected an assignment to a type with size less than int. To avoid unnecessary sign extension, use int-sized types for local varaibles and convert to smaller types for static storage.
"../system_msp432p401r.c", line 160: remark #2623-D: (ULP 5.4) Detected an assignment to a type with size less than int. To avoid unnecessary sign extension, use int-sized types for local varaibles and convert to smaller types for static storage.
"../system_msp432p401r.c", line 193: remark #2623-D: (ULP 5.4) Detected an assignment to a type with size less than int. To avoid unnecessary sign extension, use int-sized types for local varaibles and convert to smaller types for static storage.
'Finished building: "../system_msp432p401r.c"'
 
'Building file: "../LED.c"'
'Invoking: MSP432 Compiler'
"C:/ti/ccsv7/tools/compiler/ti-cgt-arm_16.9.6.LTS/bin/armcl" -mv7M4 --code_state=16 --float_support=FPv4SPD16 -me --include_path="C:/ti/ccsv7/ccs_base/arm/include" --include_path="C:/Users/Alex Perera/Desktop/uP2/CCS_uP2/Libraries/BoardSupportPackage/DriverLib" --include_path="C:/Users/Alex Perera/Desktop/uP2/CCS_uP2/Libraries/BoardSupportPackage/inc" --include_path="C:/Users/Alex Perera/Desktop/uP2/CCS_uP2/Libraries/BoardSupportPackage/src" --include_path="C:/ti/ccsv7/ccs_base/arm/include/CMSIS" --include_path="C:/Users/Alex Perera/Desktop/uP2/CCS_uP2/Lab1_B" --include_path="C:/ti/ccsv7/tools/compiler/ti-cgt-arm_16.9.6.LTS/include" --advice:power=all --define=__MSP432P401R__ --define=TARGET_IS_MSP432P4XX --define=ccs -g --c99 --gcc --diag_warning=225 --diag_wrap=off --display_error_number --abi=eabi --preproc_with_compile --preproc_dependency="LED.d_raw"  "../LED.c"
"../LED.c", line 31: warning #176-D: expression has no effect
"../LED.c", line 91: remark #1528-D: (ULP 3.1) Detected flag polling using EUSCI_B_IFG_TXIFG0. Recommend using an interrupt combined with enter LPMx and ISR
"../LED.c", line 98: remark #1528-D: (ULP 3.1) Detected flag polling using EUSCI_B_IFG_TXIFG0. Recommend using an interrupt combined with enter LPMx and ISR
"../LED.c", line 103: remark #1528-D: (ULP 3.1) Detected flag polling using EUSCI_B_IFG_TXIFG0. Recommend using an interrupt combined with enter LPMx and ISR
"../LED.c", line 112: remark #1527-D: (ULP 2.1) Detected SW delay loop using empty loop. Recommend using a timer module instead
'Finished building: "../LED.c"'
 
'Building target: "Lab1_B.out"'
'Invoking: MSP432 Linker'
"C:/ti/ccsv7/tools/compiler/ti-cgt-arm_16.9.6.LTS/bin/armcl" -mv7M4 --code_state=16 --float_support=FPv4SPD16 -me --advice:power=all --define=__MSP432P401R__ --define=TARGET_IS_MSP432P4XX --define=ccs -g --c99 --gcc --diag_warning=225 --diag_wrap=off --display_error_number --abi=eabi -z -m"Lab1_B.map" --heap_size=1024 --stack_size=512 -i"C:/ti/ccsv7/ccs_base/arm/include" -i"C:/ti/ccsv7/tools/compiler/ti-cgt-arm_16.9.6.LTS/lib" -i"C:/ti/ccsv7/tools/compiler/ti-cgt-arm_16.9.6.LTS/include" --reread_libs --diag_wrap=off --display_error_number --warn_sections --xml_link_info="Lab1_B_linkInfo.xml" --rom_model -o "Lab1_B.out" "./LED.obj" "./Lab1_A.obj" "./main.obj" "./startup_msp432p401r_ccs.obj" "./system_msp432p401r.obj" "../msp432p401r.cmd"  -llibc.a 
<Linking>
remark #10371-D: (ULP 1.1) Detected no uses of low power mode state changing instructions
remark #10372-D: (ULP 4.1) Detected uninitialized Port 1 in this project. Recommend initializing all unused ports to eliminate wasted current consumption on unused pins.
remark #10372-D: (ULP 4.1) Detected uninitialized Port 2 in this project. Recommend initializing all unused ports to eliminate wasted current consumption on unused pins.
remark #10372-D: (ULP 4.1) Detected uninitialized Port 3 in this project. Recommend initializing all unused ports to eliminate wasted current consumption on unused pins.
remark #10372-D: (ULP 4.1) Detected uninitialized Port 4 in this project. Recommend initializing all unused ports to eliminate wasted current consumption on unused pins.
remark #10372-D: (ULP 4.1) Detected uninitialized Port 5 in this project. Recommend initializing all unused ports to eliminate wasted current consumption on unused pins.
remark #10372-D: (ULP 4.1) Detected uninitialized Port 6 in this project. Recommend initializing all unused ports to eliminate wasted current consumption on unused pins.
remark #10372-D: (ULP 4.1) Detected uninitialized Port 7 in this project. Recommend initializing all unused ports to eliminate wasted current consumption on unused pins.
remark #10372-D: (ULP 4.1) Detected uninitialized Port 8 in this project. Recommend initializing all unused ports to eliminate wasted current consumption on unused pins.
remark #10372-D: (ULP 4.1) Detected uninitialized Port 9 in this project. Recommend initializing all unused ports to eliminate wasted current consumption on unused pins.
remark #10372-D: (ULP 4.1) Detected uninitialized Port 10 in this project. Recommend initializing all unused ports to eliminate wasted current consumption on unused pins.
'Finished building target: "Lab1_B.out"'
 

**** Build Finished ****
