
**** Build of configuration Debug for project WALLE_Control ****

"C:\\ti\\ccsv7\\utils\\bin\\gmake" -k -j 4 all -O 
 
'Building file: "C:/Users/Alex Perera/Desktop/Senior/CCS/BoardSupportPackage/src/xbee.c"'
'Invoking: ARM Compiler'
"C:/ti/ccsv7/tools/compiler/ti-cgt-arm_16.9.8.LTS/bin/armcl" -mv7M4 --code_state=16 --float_support=FPv4SPD16 -me --opt_for_speed=5 --include_path="C:/Users/Alex Perera/Desktop/Senior/CCS/BoardSupportPackage/DriverLib" --include_path="C:/Users/Alex Perera/Desktop/Senior/CCS/BoardSupportPackage/src" --include_path="C:/Users/Alex Perera/Desktop/Senior/CCS/BoardSupportPackage/inc" --include_path="C:/ti/ccsv7/ccs_base/arm/include" --include_path="C:/ti/ccsv7/ccs_base/arm/include/CMSIS" --include_path="C:/Users/Alex Perera/Desktop/Senior/CCS/WALLE_Control" --include_path="C:/ti/ccsv7/tools/compiler/ti-cgt-arm_16.9.8.LTS/include" --advice:power="all" --define=__MSP432P401R__ --define=ccs -g --c99 --gcc --diag_warning=225 --diag_wrap=off --display_error_number --abi=eabi --preproc_with_compile --preproc_dependency="BoardSupportPackage/src/xbee.d_raw" --obj_directory="BoardSupportPackage/src"  "C:/Users/Alex Perera/Desktop/Senior/CCS/BoardSupportPackage/src/xbee.c"
"C:/Users/Alex Perera/Desktop/Senior/CCS/BoardSupportPackage/src/xbee.c", line 47: remark #1528-D: (ULP 3.1) Detected flag polling using EUSCI_A_IFG_TXIFG. Recommend using an interrupt combined with enter LPMx and ISR
"C:/Users/Alex Perera/Desktop/Senior/CCS/BoardSupportPackage/src/xbee.c", line 50: remark #1528-D: (ULP 3.1) Detected flag polling using EUSCI_A_IFG_TXIFG. Recommend using an interrupt combined with enter LPMx and ISR
"C:/Users/Alex Perera/Desktop/Senior/CCS/BoardSupportPackage/src/xbee.c", line 53: remark #1528-D: (ULP 3.1) Detected flag polling using EUSCI_A_IFG_TXIFG. Recommend using an interrupt combined with enter LPMx and ISR
"C:/Users/Alex Perera/Desktop/Senior/CCS/BoardSupportPackage/src/xbee.c", line 56: remark #1528-D: (ULP 3.1) Detected flag polling using EUSCI_A_IFG_TXIFG. Recommend using an interrupt combined with enter LPMx and ISR
"C:/Users/Alex Perera/Desktop/Senior/CCS/BoardSupportPackage/src/xbee.c", line 59: remark #1528-D: (ULP 3.1) Detected flag polling using EUSCI_A_IFG_TXIFG. Recommend using an interrupt combined with enter LPMx and ISR
"C:/Users/Alex Perera/Desktop/Senior/CCS/BoardSupportPackage/src/xbee.c", line 78: remark #1528-D: (ULP 3.1) Detected flag polling using EUSCI_A_IFG_TXIFG. Recommend using an interrupt combined with enter LPMx and ISR
"C:/Users/Alex Perera/Desktop/Senior/CCS/BoardSupportPackage/src/xbee.c", line 81: remark #1528-D: (ULP 3.1) Detected flag polling using EUSCI_A_IFG_TXIFG. Recommend using an interrupt combined with enter LPMx and ISR
"C:/Users/Alex Perera/Desktop/Senior/CCS/BoardSupportPackage/src/xbee.c", line 84: remark #1528-D: (ULP 3.1) Detected flag polling using EUSCI_A_IFG_TXIFG. Recommend using an interrupt combined with enter LPMx and ISR
"C:/Users/Alex Perera/Desktop/Senior/CCS/BoardSupportPackage/src/xbee.c", line 87: remark #1528-D: (ULP 3.1) Detected flag polling using EUSCI_A_IFG_TXIFG. Recommend using an interrupt combined with enter LPMx and ISR
"C:/Users/Alex Perera/Desktop/Senior/CCS/BoardSupportPackage/src/xbee.c", line 90: remark #1528-D: (ULP 3.1) Detected flag polling using EUSCI_A_IFG_TXIFG. Recommend using an interrupt combined with enter LPMx and ISR
"C:/Users/Alex Perera/Desktop/Senior/CCS/BoardSupportPackage/src/xbee.c", line 93: remark #1528-D: (ULP 3.1) Detected flag polling using EUSCI_A_IFG_TXIFG. Recommend using an interrupt combined with enter LPMx and ISR
"C:/Users/Alex Perera/Desktop/Senior/CCS/BoardSupportPackage/src/xbee.c", line 96: remark #1528-D: (ULP 3.1) Detected flag polling using EUSCI_A_IFG_TXIFG. Recommend using an interrupt combined with enter LPMx and ISR
"C:/Users/Alex Perera/Desktop/Senior/CCS/BoardSupportPackage/src/xbee.c", line 117: remark #1528-D: (ULP 3.1) Detected flag polling using EUSCI_A_IFG_RXIFG. Recommend using an interrupt combined with enter LPMx and ISR
"C:/Users/Alex Perera/Desktop/Senior/CCS/BoardSupportPackage/src/xbee.c", line 122: remark #1528-D: (ULP 3.1) Detected flag polling using EUSCI_A_IFG_RXIFG. Recommend using an interrupt combined with enter LPMx and ISR
"C:/Users/Alex Perera/Desktop/Senior/CCS/BoardSupportPackage/src/xbee.c", line 125: remark #1528-D: (ULP 3.1) Detected flag polling using EUSCI_A_IFG_RXIFG. Recommend using an interrupt combined with enter LPMx and ISR
"C:/Users/Alex Perera/Desktop/Senior/CCS/BoardSupportPackage/src/xbee.c", line 128: remark #1528-D: (ULP 3.1) Detected flag polling using EUSCI_A_IFG_RXIFG. Recommend using an interrupt combined with enter LPMx and ISR
"C:/Users/Alex Perera/Desktop/Senior/CCS/BoardSupportPackage/src/xbee.c", line 131: remark #1528-D: (ULP 3.1) Detected flag polling using EUSCI_A_IFG_RXIFG. Recommend using an interrupt combined with enter LPMx and ISR
"C:/Users/Alex Perera/Desktop/Senior/CCS/BoardSupportPackage/src/xbee.c", line 134: remark #1528-D: (ULP 3.1) Detected flag polling using EUSCI_A_IFG_RXIFG. Recommend using an interrupt combined with enter LPMx and ISR
"C:/Users/Alex Perera/Desktop/Senior/CCS/BoardSupportPackage/src/xbee.c", line 137: remark #1528-D: (ULP 3.1) Detected flag polling using EUSCI_A_IFG_RXIFG. Recommend using an interrupt combined with enter LPMx and ISR
"C:/Users/Alex Perera/Desktop/Senior/CCS/BoardSupportPackage/src/xbee.c", line 118: remark #2623-D: (ULP 5.4) Detected an assignment to a type with size less than int. To avoid unnecessary sign extension, use int-sized types for local varaibles and convert to smaller types for static storage.
"C:/Users/Alex Perera/Desktop/Senior/CCS/BoardSupportPackage/src/xbee.c", line 135: remark #2623-D: (ULP 5.4) Detected an assignment to a type with size less than int. To avoid unnecessary sign extension, use int-sized types for local varaibles and convert to smaller types for static storage.
"C:/Users/Alex Perera/Desktop/Senior/CCS/BoardSupportPackage/src/xbee.c", line 138: remark #2623-D: (ULP 5.4) Detected an assignment to a type with size less than int. To avoid unnecessary sign extension, use int-sized types for local varaibles and convert to smaller types for static storage.
'Finished building: "C:/Users/Alex Perera/Desktop/Senior/CCS/BoardSupportPackage/src/xbee.c"'
 
'Building file: "../main.c"'
'Invoking: ARM Compiler'
"C:/ti/ccsv7/tools/compiler/ti-cgt-arm_16.9.8.LTS/bin/armcl" -mv7M4 --code_state=16 --float_support=FPv4SPD16 -me --opt_for_speed=5 --include_path="C:/Users/Alex Perera/Desktop/Senior/CCS/BoardSupportPackage/DriverLib" --include_path="C:/Users/Alex Perera/Desktop/Senior/CCS/BoardSupportPackage/src" --include_path="C:/Users/Alex Perera/Desktop/Senior/CCS/BoardSupportPackage/inc" --include_path="C:/ti/ccsv7/ccs_base/arm/include" --include_path="C:/ti/ccsv7/ccs_base/arm/include/CMSIS" --include_path="C:/Users/Alex Perera/Desktop/Senior/CCS/WALLE_Control" --include_path="C:/ti/ccsv7/tools/compiler/ti-cgt-arm_16.9.8.LTS/include" --advice:power="all" --define=__MSP432P401R__ --define=ccs -g --c99 --gcc --diag_warning=225 --diag_wrap=off --display_error_number --abi=eabi --preproc_with_compile --preproc_dependency="main.d_raw"  "../main.c"
"../main.c", line 10: remark #1527-D: (ULP 2.1) Detected SW delay loop using __delay_cycles. Recommend using a timer module instead
"../main.c", line 6: warning #179-D: function "Delay" was declared but never referenced
'Finished building: "../main.c"'
 
'Building target: "WALLE_Control.out"'
'Invoking: ARM Linker'
"C:/ti/ccsv7/tools/compiler/ti-cgt-arm_16.9.8.LTS/bin/armcl" -mv7M4 --code_state=16 --float_support=FPv4SPD16 -me --opt_for_speed=5 --advice:power="all" --define=__MSP432P401R__ --define=ccs -g --c99 --gcc --diag_warning=225 --diag_wrap=off --display_error_number --abi=eabi -z -m"WALLE_Control.map" --heap_size=1024 --stack_size=512 -i"C:/ti/ccsv7/ccs_base/arm/include" -i"C:/ti/ccsv7/tools/compiler/ti-cgt-arm_16.9.8.LTS/lib" -i"C:/ti/ccsv7/tools/compiler/ti-cgt-arm_16.9.8.LTS/include" --reread_libs --diag_wrap=off --display_error_number --warn_sections --xml_link_info="WALLE_Control_linkInfo.xml" --rom_model -o "WALLE_Control.out" "./main.obj" "./startup_msp432p401r_ccs.obj" "./system_msp432p401r.obj" "./BoardSupportPackage/src/AsciiLib.obj" "./BoardSupportPackage/src/BSP.obj" "./BoardSupportPackage/src/BackChannelUart.obj" "./BoardSupportPackage/src/ClockSys.obj" "./BoardSupportPackage/src/Joystick.obj" "./BoardSupportPackage/src/LCD.obj" "./BoardSupportPackage/src/LED.obj" "./BoardSupportPackage/src/Servo.obj" "./BoardSupportPackage/src/UARTs.obj" "./BoardSupportPackage/src/UltraSonic.obj" "./BoardSupportPackage/src/Wifi.obj" "./BoardSupportPackage/src/bluetooth.obj" "./BoardSupportPackage/src/bme280.obj" "./BoardSupportPackage/src/bme280_support.obj" "./BoardSupportPackage/src/bmi160.obj" "./BoardSupportPackage/src/bmi160_support.obj" "./BoardSupportPackage/src/camera.obj" "./BoardSupportPackage/src/controller.obj" "./BoardSupportPackage/src/demo_sysctl.obj" "./BoardSupportPackage/src/i2c_driver.obj" "./BoardSupportPackage/src/motor_driver.obj" "./BoardSupportPackage/src/opt3001.obj" "./BoardSupportPackage/src/pwm.obj" "./BoardSupportPackage/src/tmp007.obj" "./BoardSupportPackage/src/xbee.obj" "../msp432p401r.cmd" "C:/Users/Alex Perera/Desktop/Senior/CCS/BoardSupportPackage/DriverLib/msp432p4xx_driverlib.lib"  -llibc.a 
<Linking>
remark #10371-D: (ULP 1.1) Detected no uses of low power mode state changing instructions
remark #10372-D: (ULP 4.1) Detected uninitialized Port 1 in this project. Recommend initializing all unused ports to eliminate wasted current consumption on unused pins.
remark #10372-D: (ULP 4.1) Detected uninitialized Port 2 in this project. Recommend initializing all unused ports to eliminate wasted current consumption on unused pins.
remark #10372-D: (ULP 4.1) Detected uninitialized Port 3 in this project. Recommend initializing all unused ports to eliminate wasted current consumption on unused pins.
remark #10372-D: (ULP 4.1) Detected uninitialized Port 4 in this project. Recommend initializing all unused ports to eliminate wasted current consumption on unused pins.
remark #10372-D: (ULP 4.1) Detected uninitialized Port 5 in this project. Recommend initializing all unused ports to eliminate wasted current consumption on unused pins.
remark #10372-D: (ULP 4.1) Detected uninitialized Port 6 in this project. Recommend initializing all unused ports to eliminate wasted current consumption on unused pins.
remark #10372-D: (ULP 4.1) Detected uninitialized Port 7 in this project. Recommend initializing all unused ports to eliminate wasted current consumption on unused pins.
remark #10372-D: (ULP 4.1) Detected uninitialized Port 8 in this project. Recommend initializing all unused ports to eliminate wasted current consumption on unused pins.
remark #10372-D: (ULP 4.1) Detected uninitialized Port 9 in this project. Recommend initializing all unused ports to eliminate wasted current consumption on unused pins.
remark #10372-D: (ULP 4.1) Detected uninitialized Port 10 in this project. Recommend initializing all unused ports to eliminate wasted current consumption on unused pins.
'Finished building target: "WALLE_Control.out"'
 

**** Build Finished ****
