
**** Build of configuration Debug for project WALLE_Robot ****

"C:\\ti\\ccsv7\\utils\\bin\\gmake" -k -j 4 all -O 
 
'Building file: "../startup_msp432p401r_ccs.c"'
'Invoking: ARM Compiler'
"C:/ti/ccsv7/tools/compiler/ti-cgt-arm_16.9.8.LTS/bin/armcl" -mv7M4 --code_state=16 --float_support=FPv4SPD16 -me --opt_for_speed=2 --include_path="C:/Users/Alex Perera/Desktop/Senior/GITHUB/BoardSupportPackage/inc" --include_path="C:/Users/Alex Perera/Desktop/Senior/GITHUB/BoardSupportPackage/src" --include_path="C:/Users/Alex Perera/Desktop/Senior/GITHUB/BoardSupportPackage/DriverLib" --include_path="C:/ti/ccsv7/ccs_base/arm/include" --include_path="C:/ti/ccsv7/ccs_base/arm/include/CMSIS" --include_path="C:/Users/Alex Perera/Desktop/Senior/GITHUB/WALLE_Robot" --include_path="C:/ti/ccsv7/tools/compiler/ti-cgt-arm_16.9.8.LTS/include" --advice:power="1,3,4,5.3,7,9,10,12" --define=ccs --define=__MSP432P401R__ -g --c99 --gcc --diag_warning=225 --diag_wrap=off --display_error_number --abi=eabi --preproc_with_compile --preproc_dependency="startup_msp432p401r_ccs.d_raw"  "../startup_msp432p401r_ccs.c"
'Finished building: "../startup_msp432p401r_ccs.c"'
 
'Building file: "C:/Users/Alex Perera/Desktop/Senior/GITHUB/BoardSupportPackage/src/AsciiLib.c"'
'Invoking: ARM Compiler'
"C:/ti/ccsv7/tools/compiler/ti-cgt-arm_16.9.8.LTS/bin/armcl" -mv7M4 --code_state=16 --float_support=FPv4SPD16 -me --opt_for_speed=2 --include_path="C:/Users/Alex Perera/Desktop/Senior/GITHUB/BoardSupportPackage/inc" --include_path="C:/Users/Alex Perera/Desktop/Senior/GITHUB/BoardSupportPackage/src" --include_path="C:/Users/Alex Perera/Desktop/Senior/GITHUB/BoardSupportPackage/DriverLib" --include_path="C:/ti/ccsv7/ccs_base/arm/include" --include_path="C:/ti/ccsv7/ccs_base/arm/include/CMSIS" --include_path="C:/Users/Alex Perera/Desktop/Senior/GITHUB/WALLE_Robot" --include_path="C:/ti/ccsv7/tools/compiler/ti-cgt-arm_16.9.8.LTS/include" --advice:power="1,3,4,5.3,7,9,10,12" --define=ccs --define=__MSP432P401R__ -g --c99 --gcc --diag_warning=225 --diag_wrap=off --display_error_number --abi=eabi --preproc_with_compile --preproc_dependency="BoardSupportPackage/src/AsciiLib.d_raw" --obj_directory="BoardSupportPackage/src"  "C:/Users/Alex Perera/Desktop/Senior/GITHUB/BoardSupportPackage/src/AsciiLib.c"
'Finished building: "C:/Users/Alex Perera/Desktop/Senior/GITHUB/BoardSupportPackage/src/AsciiLib.c"'
 
'Building file: "../main.c"'
'Invoking: ARM Compiler'
"C:/ti/ccsv7/tools/compiler/ti-cgt-arm_16.9.8.LTS/bin/armcl" -mv7M4 --code_state=16 --float_support=FPv4SPD16 -me --opt_for_speed=2 --include_path="C:/Users/Alex Perera/Desktop/Senior/GITHUB/BoardSupportPackage/inc" --include_path="C:/Users/Alex Perera/Desktop/Senior/GITHUB/BoardSupportPackage/src" --include_path="C:/Users/Alex Perera/Desktop/Senior/GITHUB/BoardSupportPackage/DriverLib" --include_path="C:/ti/ccsv7/ccs_base/arm/include" --include_path="C:/ti/ccsv7/ccs_base/arm/include/CMSIS" --include_path="C:/Users/Alex Perera/Desktop/Senior/GITHUB/WALLE_Robot" --include_path="C:/ti/ccsv7/tools/compiler/ti-cgt-arm_16.9.8.LTS/include" --advice:power="1,3,4,5.3,7,9,10,12" --define=ccs --define=__MSP432P401R__ -g --c99 --gcc --diag_warning=225 --diag_wrap=off --display_error_number --abi=eabi --preproc_with_compile --preproc_dependency="main.d_raw"  "../main.c"
"../main.c", line 6: warning #179-D: function "Delay" was declared but never referenced
'Finished building: "../main.c"'
 
'Building file: "../system_msp432p401r.c"'
'Invoking: ARM Compiler'
"C:/ti/ccsv7/tools/compiler/ti-cgt-arm_16.9.8.LTS/bin/armcl" -mv7M4 --code_state=16 --float_support=FPv4SPD16 -me --opt_for_speed=2 --include_path="C:/Users/Alex Perera/Desktop/Senior/GITHUB/BoardSupportPackage/inc" --include_path="C:/Users/Alex Perera/Desktop/Senior/GITHUB/BoardSupportPackage/src" --include_path="C:/Users/Alex Perera/Desktop/Senior/GITHUB/BoardSupportPackage/DriverLib" --include_path="C:/ti/ccsv7/ccs_base/arm/include" --include_path="C:/ti/ccsv7/ccs_base/arm/include/CMSIS" --include_path="C:/Users/Alex Perera/Desktop/Senior/GITHUB/WALLE_Robot" --include_path="C:/ti/ccsv7/tools/compiler/ti-cgt-arm_16.9.8.LTS/include" --advice:power="1,3,4,5.3,7,9,10,12" --define=ccs --define=__MSP432P401R__ -g --c99 --gcc --diag_warning=225 --diag_wrap=off --display_error_number --abi=eabi --preproc_with_compile --preproc_dependency="system_msp432p401r.d_raw"  "../system_msp432p401r.c"
'Finished building: "../system_msp432p401r.c"'
 
'Building file: "C:/Users/Alex Perera/Desktop/Senior/GITHUB/BoardSupportPackage/src/BSP.c"'
'Invoking: ARM Compiler'
"C:/ti/ccsv7/tools/compiler/ti-cgt-arm_16.9.8.LTS/bin/armcl" -mv7M4 --code_state=16 --float_support=FPv4SPD16 -me --opt_for_speed=2 --include_path="C:/Users/Alex Perera/Desktop/Senior/GITHUB/BoardSupportPackage/inc" --include_path="C:/Users/Alex Perera/Desktop/Senior/GITHUB/BoardSupportPackage/src" --include_path="C:/Users/Alex Perera/Desktop/Senior/GITHUB/BoardSupportPackage/DriverLib" --include_path="C:/ti/ccsv7/ccs_base/arm/include" --include_path="C:/ti/ccsv7/ccs_base/arm/include/CMSIS" --include_path="C:/Users/Alex Perera/Desktop/Senior/GITHUB/WALLE_Robot" --include_path="C:/ti/ccsv7/tools/compiler/ti-cgt-arm_16.9.8.LTS/include" --advice:power="1,3,4,5.3,7,9,10,12" --define=ccs --define=__MSP432P401R__ -g --c99 --gcc --diag_warning=225 --diag_wrap=off --display_error_number --abi=eabi --preproc_with_compile --preproc_dependency="BoardSupportPackage/src/BSP.d_raw" --obj_directory="BoardSupportPackage/src"  "C:/Users/Alex Perera/Desktop/Senior/GITHUB/BoardSupportPackage/src/BSP.c"
'Finished building: "C:/Users/Alex Perera/Desktop/Senior/GITHUB/BoardSupportPackage/src/BSP.c"'
 
'Building file: "C:/Users/Alex Perera/Desktop/Senior/GITHUB/BoardSupportPackage/src/ClockSys.c"'
'Invoking: ARM Compiler'
"C:/ti/ccsv7/tools/compiler/ti-cgt-arm_16.9.8.LTS/bin/armcl" -mv7M4 --code_state=16 --float_support=FPv4SPD16 -me --opt_for_speed=2 --include_path="C:/Users/Alex Perera/Desktop/Senior/GITHUB/BoardSupportPackage/inc" --include_path="C:/Users/Alex Perera/Desktop/Senior/GITHUB/BoardSupportPackage/src" --include_path="C:/Users/Alex Perera/Desktop/Senior/GITHUB/BoardSupportPackage/DriverLib" --include_path="C:/ti/ccsv7/ccs_base/arm/include" --include_path="C:/ti/ccsv7/ccs_base/arm/include/CMSIS" --include_path="C:/Users/Alex Perera/Desktop/Senior/GITHUB/WALLE_Robot" --include_path="C:/ti/ccsv7/tools/compiler/ti-cgt-arm_16.9.8.LTS/include" --advice:power="1,3,4,5.3,7,9,10,12" --define=ccs --define=__MSP432P401R__ -g --c99 --gcc --diag_warning=225 --diag_wrap=off --display_error_number --abi=eabi --preproc_with_compile --preproc_dependency="BoardSupportPackage/src/ClockSys.d_raw" --obj_directory="BoardSupportPackage/src"  "C:/Users/Alex Perera/Desktop/Senior/GITHUB/BoardSupportPackage/src/ClockSys.c"
'Finished building: "C:/Users/Alex Perera/Desktop/Senior/GITHUB/BoardSupportPackage/src/ClockSys.c"'
 
'Building file: "C:/Users/Alex Perera/Desktop/Senior/GITHUB/BoardSupportPackage/src/BackChannelUart.c"'
'Invoking: ARM Compiler'
"C:/ti/ccsv7/tools/compiler/ti-cgt-arm_16.9.8.LTS/bin/armcl" -mv7M4 --code_state=16 --float_support=FPv4SPD16 -me --opt_for_speed=2 --include_path="C:/Users/Alex Perera/Desktop/Senior/GITHUB/BoardSupportPackage/inc" --include_path="C:/Users/Alex Perera/Desktop/Senior/GITHUB/BoardSupportPackage/src" --include_path="C:/Users/Alex Perera/Desktop/Senior/GITHUB/BoardSupportPackage/DriverLib" --include_path="C:/ti/ccsv7/ccs_base/arm/include" --include_path="C:/ti/ccsv7/ccs_base/arm/include/CMSIS" --include_path="C:/Users/Alex Perera/Desktop/Senior/GITHUB/WALLE_Robot" --include_path="C:/ti/ccsv7/tools/compiler/ti-cgt-arm_16.9.8.LTS/include" --advice:power="1,3,4,5.3,7,9,10,12" --define=ccs --define=__MSP432P401R__ -g --c99 --gcc --diag_warning=225 --diag_wrap=off --display_error_number --abi=eabi --preproc_with_compile --preproc_dependency="BoardSupportPackage/src/BackChannelUart.d_raw" --obj_directory="BoardSupportPackage/src"  "C:/Users/Alex Perera/Desktop/Senior/GITHUB/BoardSupportPackage/src/BackChannelUart.c"
"C:/Users/Alex Perera/Desktop/Senior/GITHUB/BoardSupportPackage/src/BackChannelUart.c", line 107: remark #1532-D: (ULP 5.3) Detected snprintf() operation(s). Recommend moving them to RAM during run time or not using as these are processing/power intensive
"C:/Users/Alex Perera/Desktop/Senior/GITHUB/BoardSupportPackage/src/BackChannelUart.c", line 119: remark #1532-D: (ULP 5.3) Detected snprintf() operation(s). Recommend moving them to RAM during run time or not using as these are processing/power intensive
"C:/Users/Alex Perera/Desktop/Senior/GITHUB/BoardSupportPackage/src/BackChannelUart.c", line 129: remark #1532-D: (ULP 5.3) Detected snprintf() operation(s). Recommend moving them to RAM during run time or not using as these are processing/power intensive
"C:/Users/Alex Perera/Desktop/Senior/GITHUB/BoardSupportPackage/src/BackChannelUart.c", line 139: remark #1532-D: (ULP 5.3) Detected snprintf() operation(s). Recommend moving them to RAM during run time or not using as these are processing/power intensive
"C:/Users/Alex Perera/Desktop/Senior/GITHUB/BoardSupportPackage/src/BackChannelUart.c", line 150: remark #1532-D: (ULP 5.3) Detected snprintf() operation(s). Recommend moving them to RAM during run time or not using as these are processing/power intensive
"C:/Users/Alex Perera/Desktop/Senior/GITHUB/BoardSupportPackage/src/BackChannelUart.c", line 160: remark #1532-D: (ULP 5.3) Detected snprintf() operation(s). Recommend moving them to RAM during run time or not using as these are processing/power intensive
"C:/Users/Alex Perera/Desktop/Senior/GITHUB/BoardSupportPackage/src/BackChannelUart.c", line 170: remark #1532-D: (ULP 5.3) Detected snprintf() operation(s). Recommend moving them to RAM during run time or not using as these are processing/power intensive
"C:/Users/Alex Perera/Desktop/Senior/GITHUB/BoardSupportPackage/src/BackChannelUart.c", line 180: remark #1532-D: (ULP 5.3) Detected snprintf() operation(s). Recommend moving them to RAM during run time or not using as these are processing/power intensive
"C:/Users/Alex Perera/Desktop/Senior/GITHUB/BoardSupportPackage/src/BackChannelUart.c", line 31: remark #1534-D: (ULP 7.1) Detected use of global variable "backChannelUart115200Config" within one function "BackChannelInit". Recommend placing variable in the function locally
'Finished building: "C:/Users/Alex Perera/Desktop/Senior/GITHUB/BoardSupportPackage/src/BackChannelUart.c"'
 
'Building file: "C:/Users/Alex Perera/Desktop/Senior/GITHUB/BoardSupportPackage/src/Joystick.c"'
'Invoking: ARM Compiler'
"C:/ti/ccsv7/tools/compiler/ti-cgt-arm_16.9.8.LTS/bin/armcl" -mv7M4 --code_state=16 --float_support=FPv4SPD16 -me --opt_for_speed=2 --include_path="C:/Users/Alex Perera/Desktop/Senior/GITHUB/BoardSupportPackage/inc" --include_path="C:/Users/Alex Perera/Desktop/Senior/GITHUB/BoardSupportPackage/src" --include_path="C:/Users/Alex Perera/Desktop/Senior/GITHUB/BoardSupportPackage/DriverLib" --include_path="C:/ti/ccsv7/ccs_base/arm/include" --include_path="C:/ti/ccsv7/ccs_base/arm/include/CMSIS" --include_path="C:/Users/Alex Perera/Desktop/Senior/GITHUB/WALLE_Robot" --include_path="C:/ti/ccsv7/tools/compiler/ti-cgt-arm_16.9.8.LTS/include" --advice:power="1,3,4,5.3,7,9,10,12" --define=ccs --define=__MSP432P401R__ -g --c99 --gcc --diag_warning=225 --diag_wrap=off --display_error_number --abi=eabi --preproc_with_compile --preproc_dependency="BoardSupportPackage/src/Joystick.d_raw" --obj_directory="BoardSupportPackage/src"  "C:/Users/Alex Perera/Desktop/Senior/GITHUB/BoardSupportPackage/src/Joystick.c"
"C:/Users/Alex Perera/Desktop/Senior/GITHUB/BoardSupportPackage/src/Joystick.c", line 100: remark #1528-D: (ULP 3.1) Detected flag polling using ADC14_CTL0_BUSY. Recommend using an interrupt combined with enter LPMx and ISR
'Finished building: "C:/Users/Alex Perera/Desktop/Senior/GITHUB/BoardSupportPackage/src/Joystick.c"'
 
'Building file: "C:/Users/Alex Perera/Desktop/Senior/GITHUB/BoardSupportPackage/src/LED.c"'
'Invoking: ARM Compiler'
"C:/ti/ccsv7/tools/compiler/ti-cgt-arm_16.9.8.LTS/bin/armcl" -mv7M4 --code_state=16 --float_support=FPv4SPD16 -me --opt_for_speed=2 --include_path="C:/Users/Alex Perera/Desktop/Senior/GITHUB/BoardSupportPackage/inc" --include_path="C:/Users/Alex Perera/Desktop/Senior/GITHUB/BoardSupportPackage/src" --include_path="C:/Users/Alex Perera/Desktop/Senior/GITHUB/BoardSupportPackage/DriverLib" --include_path="C:/ti/ccsv7/ccs_base/arm/include" --include_path="C:/ti/ccsv7/ccs_base/arm/include/CMSIS" --include_path="C:/Users/Alex Perera/Desktop/Senior/GITHUB/WALLE_Robot" --include_path="C:/ti/ccsv7/tools/compiler/ti-cgt-arm_16.9.8.LTS/include" --advice:power="1,3,4,5.3,7,9,10,12" --define=ccs --define=__MSP432P401R__ -g --c99 --gcc --diag_warning=225 --diag_wrap=off --display_error_number --abi=eabi --preproc_with_compile --preproc_dependency="BoardSupportPackage/src/LED.d_raw" --obj_directory="BoardSupportPackage/src"  "C:/Users/Alex Perera/Desktop/Senior/GITHUB/BoardSupportPackage/src/LED.c"
"C:/Users/Alex Perera/Desktop/Senior/GITHUB/BoardSupportPackage/src/LED.c", line 33: remark #1528-D: (ULP 3.1) Detected flag polling using EUSCI_B_IFG_TXIFG. Recommend using an interrupt combined with enter LPMx and ISR
"C:/Users/Alex Perera/Desktop/Senior/GITHUB/BoardSupportPackage/src/LED.c", line 38: remark #1528-D: (ULP 3.1) Detected flag polling using EUSCI_B_IFG_TXIFG. Recommend using an interrupt combined with enter LPMx and ISR
"C:/Users/Alex Perera/Desktop/Senior/GITHUB/BoardSupportPackage/src/LED.c", line 70: warning #176-D: expression has no effect
'Finished building: "C:/Users/Alex Perera/Desktop/Senior/GITHUB/BoardSupportPackage/src/LED.c"'
 
'Building file: "C:/Users/Alex Perera/Desktop/Senior/GITHUB/BoardSupportPackage/src/Servo.c"'
'Invoking: ARM Compiler'
"C:/ti/ccsv7/tools/compiler/ti-cgt-arm_16.9.8.LTS/bin/armcl" -mv7M4 --code_state=16 --float_support=FPv4SPD16 -me --opt_for_speed=2 --include_path="C:/Users/Alex Perera/Desktop/Senior/GITHUB/BoardSupportPackage/inc" --include_path="C:/Users/Alex Perera/Desktop/Senior/GITHUB/BoardSupportPackage/src" --include_path="C:/Users/Alex Perera/Desktop/Senior/GITHUB/BoardSupportPackage/DriverLib" --include_path="C:/ti/ccsv7/ccs_base/arm/include" --include_path="C:/ti/ccsv7/ccs_base/arm/include/CMSIS" --include_path="C:/Users/Alex Perera/Desktop/Senior/GITHUB/WALLE_Robot" --include_path="C:/ti/ccsv7/tools/compiler/ti-cgt-arm_16.9.8.LTS/include" --advice:power="1,3,4,5.3,7,9,10,12" --define=ccs --define=__MSP432P401R__ -g --c99 --gcc --diag_warning=225 --diag_wrap=off --display_error_number --abi=eabi --preproc_with_compile --preproc_dependency="BoardSupportPackage/src/Servo.d_raw" --obj_directory="BoardSupportPackage/src"  "C:/Users/Alex Perera/Desktop/Senior/GITHUB/BoardSupportPackage/src/Servo.c"
'Finished building: "C:/Users/Alex Perera/Desktop/Senior/GITHUB/BoardSupportPackage/src/Servo.c"'
 
'Building file: "C:/Users/Alex Perera/Desktop/Senior/GITHUB/BoardSupportPackage/src/UARTs.c"'
'Invoking: ARM Compiler'
"C:/ti/ccsv7/tools/compiler/ti-cgt-arm_16.9.8.LTS/bin/armcl" -mv7M4 --code_state=16 --float_support=FPv4SPD16 -me --opt_for_speed=2 --include_path="C:/Users/Alex Perera/Desktop/Senior/GITHUB/BoardSupportPackage/inc" --include_path="C:/Users/Alex Perera/Desktop/Senior/GITHUB/BoardSupportPackage/src" --include_path="C:/Users/Alex Perera/Desktop/Senior/GITHUB/BoardSupportPackage/DriverLib" --include_path="C:/ti/ccsv7/ccs_base/arm/include" --include_path="C:/ti/ccsv7/ccs_base/arm/include/CMSIS" --include_path="C:/Users/Alex Perera/Desktop/Senior/GITHUB/WALLE_Robot" --include_path="C:/ti/ccsv7/tools/compiler/ti-cgt-arm_16.9.8.LTS/include" --advice:power="1,3,4,5.3,7,9,10,12" --define=ccs --define=__MSP432P401R__ -g --c99 --gcc --diag_warning=225 --diag_wrap=off --display_error_number --abi=eabi --preproc_with_compile --preproc_dependency="BoardSupportPackage/src/UARTs.d_raw" --obj_directory="BoardSupportPackage/src"  "C:/Users/Alex Perera/Desktop/Senior/GITHUB/BoardSupportPackage/src/UARTs.c"
'Finished building: "C:/Users/Alex Perera/Desktop/Senior/GITHUB/BoardSupportPackage/src/UARTs.c"'
 
'Building file: "C:/Users/Alex Perera/Desktop/Senior/GITHUB/BoardSupportPackage/src/UltraSonic.c"'
'Invoking: ARM Compiler'
"C:/ti/ccsv7/tools/compiler/ti-cgt-arm_16.9.8.LTS/bin/armcl" -mv7M4 --code_state=16 --float_support=FPv4SPD16 -me --opt_for_speed=2 --include_path="C:/Users/Alex Perera/Desktop/Senior/GITHUB/BoardSupportPackage/inc" --include_path="C:/Users/Alex Perera/Desktop/Senior/GITHUB/BoardSupportPackage/src" --include_path="C:/Users/Alex Perera/Desktop/Senior/GITHUB/BoardSupportPackage/DriverLib" --include_path="C:/ti/ccsv7/ccs_base/arm/include" --include_path="C:/ti/ccsv7/ccs_base/arm/include/CMSIS" --include_path="C:/Users/Alex Perera/Desktop/Senior/GITHUB/WALLE_Robot" --include_path="C:/ti/ccsv7/tools/compiler/ti-cgt-arm_16.9.8.LTS/include" --advice:power="1,3,4,5.3,7,9,10,12" --define=ccs --define=__MSP432P401R__ -g --c99 --gcc --diag_warning=225 --diag_wrap=off --display_error_number --abi=eabi --preproc_with_compile --preproc_dependency="BoardSupportPackage/src/UltraSonic.d_raw" --obj_directory="BoardSupportPackage/src"  "C:/Users/Alex Perera/Desktop/Senior/GITHUB/BoardSupportPackage/src/UltraSonic.c"
'Finished building: "C:/Users/Alex Perera/Desktop/Senior/GITHUB/BoardSupportPackage/src/UltraSonic.c"'
 
'Building file: "C:/Users/Alex Perera/Desktop/Senior/GITHUB/BoardSupportPackage/src/Wifi.c"'
'Invoking: ARM Compiler'
"C:/ti/ccsv7/tools/compiler/ti-cgt-arm_16.9.8.LTS/bin/armcl" -mv7M4 --code_state=16 --float_support=FPv4SPD16 -me --opt_for_speed=2 --include_path="C:/Users/Alex Perera/Desktop/Senior/GITHUB/BoardSupportPackage/inc" --include_path="C:/Users/Alex Perera/Desktop/Senior/GITHUB/BoardSupportPackage/src" --include_path="C:/Users/Alex Perera/Desktop/Senior/GITHUB/BoardSupportPackage/DriverLib" --include_path="C:/ti/ccsv7/ccs_base/arm/include" --include_path="C:/ti/ccsv7/ccs_base/arm/include/CMSIS" --include_path="C:/Users/Alex Perera/Desktop/Senior/GITHUB/WALLE_Robot" --include_path="C:/ti/ccsv7/tools/compiler/ti-cgt-arm_16.9.8.LTS/include" --advice:power="1,3,4,5.3,7,9,10,12" --define=ccs --define=__MSP432P401R__ -g --c99 --gcc --diag_warning=225 --diag_wrap=off --display_error_number --abi=eabi --preproc_with_compile --preproc_dependency="BoardSupportPackage/src/Wifi.d_raw" --obj_directory="BoardSupportPackage/src"  "C:/Users/Alex Perera/Desktop/Senior/GITHUB/BoardSupportPackage/src/Wifi.c"
"C:/Users/Alex Perera/Desktop/Senior/GITHUB/BoardSupportPackage/src/Wifi.c", line 62: remark #1528-D: (ULP 3.1) Detected flag polling using EUSCI_A_IFG_TXIFG. Recommend using an interrupt combined with enter LPMx and ISR
"C:/Users/Alex Perera/Desktop/Senior/GITHUB/BoardSupportPackage/src/Wifi.c", line 71: remark #1528-D: (ULP 3.1) Detected flag polling using EUSCI_A_IFG_RXIFG. Recommend using an interrupt combined with enter LPMx and ISR
'Finished building: "C:/Users/Alex Perera/Desktop/Senior/GITHUB/BoardSupportPackage/src/Wifi.c"'
 
'Building file: "C:/Users/Alex Perera/Desktop/Senior/GITHUB/BoardSupportPackage/src/bluetooth.c"'
'Invoking: ARM Compiler'
"C:/ti/ccsv7/tools/compiler/ti-cgt-arm_16.9.8.LTS/bin/armcl" -mv7M4 --code_state=16 --float_support=FPv4SPD16 -me --opt_for_speed=2 --include_path="C:/Users/Alex Perera/Desktop/Senior/GITHUB/BoardSupportPackage/inc" --include_path="C:/Users/Alex Perera/Desktop/Senior/GITHUB/BoardSupportPackage/src" --include_path="C:/Users/Alex Perera/Desktop/Senior/GITHUB/BoardSupportPackage/DriverLib" --include_path="C:/ti/ccsv7/ccs_base/arm/include" --include_path="C:/ti/ccsv7/ccs_base/arm/include/CMSIS" --include_path="C:/Users/Alex Perera/Desktop/Senior/GITHUB/WALLE_Robot" --include_path="C:/ti/ccsv7/tools/compiler/ti-cgt-arm_16.9.8.LTS/include" --advice:power="1,3,4,5.3,7,9,10,12" --define=ccs --define=__MSP432P401R__ -g --c99 --gcc --diag_warning=225 --diag_wrap=off --display_error_number --abi=eabi --preproc_with_compile --preproc_dependency="BoardSupportPackage/src/bluetooth.d_raw" --obj_directory="BoardSupportPackage/src"  "C:/Users/Alex Perera/Desktop/Senior/GITHUB/BoardSupportPackage/src/bluetooth.c"
'Finished building: "C:/Users/Alex Perera/Desktop/Senior/GITHUB/BoardSupportPackage/src/bluetooth.c"'
 
'Building file: "C:/Users/Alex Perera/Desktop/Senior/GITHUB/BoardSupportPackage/src/bme280_support.c"'
'Invoking: ARM Compiler'
"C:/ti/ccsv7/tools/compiler/ti-cgt-arm_16.9.8.LTS/bin/armcl" -mv7M4 --code_state=16 --float_support=FPv4SPD16 -me --opt_for_speed=2 --include_path="C:/Users/Alex Perera/Desktop/Senior/GITHUB/BoardSupportPackage/inc" --include_path="C:/Users/Alex Perera/Desktop/Senior/GITHUB/BoardSupportPackage/src" --include_path="C:/Users/Alex Perera/Desktop/Senior/GITHUB/BoardSupportPackage/DriverLib" --include_path="C:/ti/ccsv7/ccs_base/arm/include" --include_path="C:/ti/ccsv7/ccs_base/arm/include/CMSIS" --include_path="C:/Users/Alex Perera/Desktop/Senior/GITHUB/WALLE_Robot" --include_path="C:/ti/ccsv7/tools/compiler/ti-cgt-arm_16.9.8.LTS/include" --advice:power="1,3,4,5.3,7,9,10,12" --define=ccs --define=__MSP432P401R__ -g --c99 --gcc --diag_warning=225 --diag_wrap=off --display_error_number --abi=eabi --preproc_with_compile --preproc_dependency="BoardSupportPackage/src/bme280_support.d_raw" --obj_directory="BoardSupportPackage/src"  "C:/Users/Alex Perera/Desktop/Senior/GITHUB/BoardSupportPackage/src/bme280_support.c"
"C:/Users/Alex Perera/Desktop/Senior/GITHUB/BoardSupportPackage/src/bme280_support.c", line 502: warning #552-D: variable "array" was set but never used
'Finished building: "C:/Users/Alex Perera/Desktop/Senior/GITHUB/BoardSupportPackage/src/bme280_support.c"'
 
'Building file: "C:/Users/Alex Perera/Desktop/Senior/GITHUB/BoardSupportPackage/src/bme280.c"'
'Invoking: ARM Compiler'
"C:/ti/ccsv7/tools/compiler/ti-cgt-arm_16.9.8.LTS/bin/armcl" -mv7M4 --code_state=16 --float_support=FPv4SPD16 -me --opt_for_speed=2 --include_path="C:/Users/Alex Perera/Desktop/Senior/GITHUB/BoardSupportPackage/inc" --include_path="C:/Users/Alex Perera/Desktop/Senior/GITHUB/BoardSupportPackage/src" --include_path="C:/Users/Alex Perera/Desktop/Senior/GITHUB/BoardSupportPackage/DriverLib" --include_path="C:/ti/ccsv7/ccs_base/arm/include" --include_path="C:/ti/ccsv7/ccs_base/arm/include/CMSIS" --include_path="C:/Users/Alex Perera/Desktop/Senior/GITHUB/WALLE_Robot" --include_path="C:/ti/ccsv7/tools/compiler/ti-cgt-arm_16.9.8.LTS/include" --advice:power="1,3,4,5.3,7,9,10,12" --define=ccs --define=__MSP432P401R__ -g --c99 --gcc --diag_warning=225 --diag_wrap=off --display_error_number --abi=eabi --preproc_with_compile --preproc_dependency="BoardSupportPackage/src/bme280.d_raw" --obj_directory="BoardSupportPackage/src"  "C:/Users/Alex Perera/Desktop/Senior/GITHUB/BoardSupportPackage/src/bme280.c"
"C:/Users/Alex Perera/Desktop/Senior/GITHUB/BoardSupportPackage/src/bme280.c", line 1236: warning #552-D: variable "v_pre_config_value_u8" was set but never used
'Finished building: "C:/Users/Alex Perera/Desktop/Senior/GITHUB/BoardSupportPackage/src/bme280.c"'
 
'Building file: "C:/Users/Alex Perera/Desktop/Senior/GITHUB/BoardSupportPackage/src/LCD.c"'
'Invoking: ARM Compiler'
"C:/ti/ccsv7/tools/compiler/ti-cgt-arm_16.9.8.LTS/bin/armcl" -mv7M4 --code_state=16 --float_support=FPv4SPD16 -me --opt_for_speed=2 --include_path="C:/Users/Alex Perera/Desktop/Senior/GITHUB/BoardSupportPackage/inc" --include_path="C:/Users/Alex Perera/Desktop/Senior/GITHUB/BoardSupportPackage/src" --include_path="C:/Users/Alex Perera/Desktop/Senior/GITHUB/BoardSupportPackage/DriverLib" --include_path="C:/ti/ccsv7/ccs_base/arm/include" --include_path="C:/ti/ccsv7/ccs_base/arm/include/CMSIS" --include_path="C:/Users/Alex Perera/Desktop/Senior/GITHUB/WALLE_Robot" --include_path="C:/ti/ccsv7/tools/compiler/ti-cgt-arm_16.9.8.LTS/include" --advice:power="1,3,4,5.3,7,9,10,12" --define=ccs --define=__MSP432P401R__ -g --c99 --gcc --diag_warning=225 --diag_wrap=off --display_error_number --abi=eabi --preproc_with_compile --preproc_dependency="BoardSupportPackage/src/LCD.d_raw" --obj_directory="BoardSupportPackage/src"  "C:/Users/Alex Perera/Desktop/Senior/GITHUB/BoardSupportPackage/src/LCD.c"
"C:/Users/Alex Perera/Desktop/Senior/GITHUB/BoardSupportPackage/src/LCD.c", line 1063: remark #1528-D: (ULP 3.1) Detected flag polling using EUSCI_B_STATW_SPI_BUSY. Recommend using an interrupt combined with enter LPMx and ISR
'Finished building: "C:/Users/Alex Perera/Desktop/Senior/GITHUB/BoardSupportPackage/src/LCD.c"'
 
'Building file: "C:/Users/Alex Perera/Desktop/Senior/GITHUB/BoardSupportPackage/src/bmi160_support.c"'
'Invoking: ARM Compiler'
"C:/ti/ccsv7/tools/compiler/ti-cgt-arm_16.9.8.LTS/bin/armcl" -mv7M4 --code_state=16 --float_support=FPv4SPD16 -me --opt_for_speed=2 --include_path="C:/Users/Alex Perera/Desktop/Senior/GITHUB/BoardSupportPackage/inc" --include_path="C:/Users/Alex Perera/Desktop/Senior/GITHUB/BoardSupportPackage/src" --include_path="C:/Users/Alex Perera/Desktop/Senior/GITHUB/BoardSupportPackage/DriverLib" --include_path="C:/ti/ccsv7/ccs_base/arm/include" --include_path="C:/ti/ccsv7/ccs_base/arm/include/CMSIS" --include_path="C:/Users/Alex Perera/Desktop/Senior/GITHUB/WALLE_Robot" --include_path="C:/ti/ccsv7/tools/compiler/ti-cgt-arm_16.9.8.LTS/include" --advice:power="1,3,4,5.3,7,9,10,12" --define=ccs --define=__MSP432P401R__ -g --c99 --gcc --diag_warning=225 --diag_wrap=off --display_error_number --abi=eabi --preproc_with_compile --preproc_dependency="BoardSupportPackage/src/bmi160_support.d_raw" --obj_directory="BoardSupportPackage/src"  "C:/Users/Alex Perera/Desktop/Senior/GITHUB/BoardSupportPackage/src/bmi160_support.c"
'Finished building: "C:/Users/Alex Perera/Desktop/Senior/GITHUB/BoardSupportPackage/src/bmi160_support.c"'
 
'Building file: "C:/Users/Alex Perera/Desktop/Senior/GITHUB/BoardSupportPackage/src/camera.c"'
'Invoking: ARM Compiler'
"C:/ti/ccsv7/tools/compiler/ti-cgt-arm_16.9.8.LTS/bin/armcl" -mv7M4 --code_state=16 --float_support=FPv4SPD16 -me --opt_for_speed=2 --include_path="C:/Users/Alex Perera/Desktop/Senior/GITHUB/BoardSupportPackage/inc" --include_path="C:/Users/Alex Perera/Desktop/Senior/GITHUB/BoardSupportPackage/src" --include_path="C:/Users/Alex Perera/Desktop/Senior/GITHUB/BoardSupportPackage/DriverLib" --include_path="C:/ti/ccsv7/ccs_base/arm/include" --include_path="C:/ti/ccsv7/ccs_base/arm/include/CMSIS" --include_path="C:/Users/Alex Perera/Desktop/Senior/GITHUB/WALLE_Robot" --include_path="C:/ti/ccsv7/tools/compiler/ti-cgt-arm_16.9.8.LTS/include" --advice:power="1,3,4,5.3,7,9,10,12" --define=ccs --define=__MSP432P401R__ -g --c99 --gcc --diag_warning=225 --diag_wrap=off --display_error_number --abi=eabi --preproc_with_compile --preproc_dependency="BoardSupportPackage/src/camera.d_raw" --obj_directory="BoardSupportPackage/src"  "C:/Users/Alex Perera/Desktop/Senior/GITHUB/BoardSupportPackage/src/camera.c"
"C:/Users/Alex Perera/Desktop/Senior/GITHUB/BoardSupportPackage/src/camera.c", line 102: remark #1528-D: (ULP 3.1) Detected flag polling using EUSCI_A_IFG_TXIFG. Recommend using an interrupt combined with enter LPMx and ISR
"C:/Users/Alex Perera/Desktop/Senior/GITHUB/BoardSupportPackage/src/camera.c", line 111: remark #1528-D: (ULP 3.1) Detected flag polling using EUSCI_A_IFG_RXIFG. Recommend using an interrupt combined with enter LPMx and ISR
"C:/Users/Alex Perera/Desktop/Senior/GITHUB/BoardSupportPackage/src/camera.c", line 171: remark #1528-D: (ULP 3.1) Detected flag polling using EUSCI_B_STATW_SPI_BUSY. Recommend using an interrupt combined with enter LPMx and ISR
"C:/Users/Alex Perera/Desktop/Senior/GITHUB/BoardSupportPackage/src/camera.c", line 210: remark #1528-D: (ULP 3.1) Detected flag polling using EUSCI_B_IFG_TXIFG. Recommend using an interrupt combined with enter LPMx and ISR
"C:/Users/Alex Perera/Desktop/Senior/GITHUB/BoardSupportPackage/src/camera.c", line 215: remark #1528-D: (ULP 3.1) Detected flag polling using EUSCI_B_IFG_TXIFG. Recommend using an interrupt combined with enter LPMx and ISR
"C:/Users/Alex Perera/Desktop/Senior/GITHUB/BoardSupportPackage/src/camera.c", line 240: remark #1528-D: (ULP 3.1) Detected flag polling using EUSCI_B_IFG_TXIFG. Recommend using an interrupt combined with enter LPMx and ISR
"C:/Users/Alex Perera/Desktop/Senior/GITHUB/BoardSupportPackage/src/camera.c", line 249: remark #1528-D: (ULP 3.1) Detected flag polling using EUSCI_B_IFG_RXIFG. Recommend using an interrupt combined with enter LPMx and ISR
'Finished building: "C:/Users/Alex Perera/Desktop/Senior/GITHUB/BoardSupportPackage/src/camera.c"'
 
'Building file: "C:/Users/Alex Perera/Desktop/Senior/GITHUB/BoardSupportPackage/src/controller.c"'
'Invoking: ARM Compiler'
"C:/ti/ccsv7/tools/compiler/ti-cgt-arm_16.9.8.LTS/bin/armcl" -mv7M4 --code_state=16 --float_support=FPv4SPD16 -me --opt_for_speed=2 --include_path="C:/Users/Alex Perera/Desktop/Senior/GITHUB/BoardSupportPackage/inc" --include_path="C:/Users/Alex Perera/Desktop/Senior/GITHUB/BoardSupportPackage/src" --include_path="C:/Users/Alex Perera/Desktop/Senior/GITHUB/BoardSupportPackage/DriverLib" --include_path="C:/ti/ccsv7/ccs_base/arm/include" --include_path="C:/ti/ccsv7/ccs_base/arm/include/CMSIS" --include_path="C:/Users/Alex Perera/Desktop/Senior/GITHUB/WALLE_Robot" --include_path="C:/ti/ccsv7/tools/compiler/ti-cgt-arm_16.9.8.LTS/include" --advice:power="1,3,4,5.3,7,9,10,12" --define=ccs --define=__MSP432P401R__ -g --c99 --gcc --diag_warning=225 --diag_wrap=off --display_error_number --abi=eabi --preproc_with_compile --preproc_dependency="BoardSupportPackage/src/controller.d_raw" --obj_directory="BoardSupportPackage/src"  "C:/Users/Alex Perera/Desktop/Senior/GITHUB/BoardSupportPackage/src/controller.c"
'Finished building: "C:/Users/Alex Perera/Desktop/Senior/GITHUB/BoardSupportPackage/src/controller.c"'
 
'Building file: "C:/Users/Alex Perera/Desktop/Senior/GITHUB/BoardSupportPackage/src/demo_sysctl.c"'
'Invoking: ARM Compiler'
"C:/ti/ccsv7/tools/compiler/ti-cgt-arm_16.9.8.LTS/bin/armcl" -mv7M4 --code_state=16 --float_support=FPv4SPD16 -me --opt_for_speed=2 --include_path="C:/Users/Alex Perera/Desktop/Senior/GITHUB/BoardSupportPackage/inc" --include_path="C:/Users/Alex Perera/Desktop/Senior/GITHUB/BoardSupportPackage/src" --include_path="C:/Users/Alex Perera/Desktop/Senior/GITHUB/BoardSupportPackage/DriverLib" --include_path="C:/ti/ccsv7/ccs_base/arm/include" --include_path="C:/ti/ccsv7/ccs_base/arm/include/CMSIS" --include_path="C:/Users/Alex Perera/Desktop/Senior/GITHUB/WALLE_Robot" --include_path="C:/ti/ccsv7/tools/compiler/ti-cgt-arm_16.9.8.LTS/include" --advice:power="1,3,4,5.3,7,9,10,12" --define=ccs --define=__MSP432P401R__ -g --c99 --gcc --diag_warning=225 --diag_wrap=off --display_error_number --abi=eabi --preproc_with_compile --preproc_dependency="BoardSupportPackage/src/demo_sysctl.d_raw" --obj_directory="BoardSupportPackage/src"  "C:/Users/Alex Perera/Desktop/Senior/GITHUB/BoardSupportPackage/src/demo_sysctl.c"
'Finished building: "C:/Users/Alex Perera/Desktop/Senior/GITHUB/BoardSupportPackage/src/demo_sysctl.c"'
 
'Building file: "C:/Users/Alex Perera/Desktop/Senior/GITHUB/BoardSupportPackage/src/i2c_driver.c"'
'Invoking: ARM Compiler'
"C:/ti/ccsv7/tools/compiler/ti-cgt-arm_16.9.8.LTS/bin/armcl" -mv7M4 --code_state=16 --float_support=FPv4SPD16 -me --opt_for_speed=2 --include_path="C:/Users/Alex Perera/Desktop/Senior/GITHUB/BoardSupportPackage/inc" --include_path="C:/Users/Alex Perera/Desktop/Senior/GITHUB/BoardSupportPackage/src" --include_path="C:/Users/Alex Perera/Desktop/Senior/GITHUB/BoardSupportPackage/DriverLib" --include_path="C:/ti/ccsv7/ccs_base/arm/include" --include_path="C:/ti/ccsv7/ccs_base/arm/include/CMSIS" --include_path="C:/Users/Alex Perera/Desktop/Senior/GITHUB/WALLE_Robot" --include_path="C:/ti/ccsv7/tools/compiler/ti-cgt-arm_16.9.8.LTS/include" --advice:power="1,3,4,5.3,7,9,10,12" --define=ccs --define=__MSP432P401R__ -g --c99 --gcc --diag_warning=225 --diag_wrap=off --display_error_number --abi=eabi --preproc_with_compile --preproc_dependency="BoardSupportPackage/src/i2c_driver.d_raw" --obj_directory="BoardSupportPackage/src"  "C:/Users/Alex Perera/Desktop/Senior/GITHUB/BoardSupportPackage/src/i2c_driver.c"
"C:/Users/Alex Perera/Desktop/Senior/GITHUB/BoardSupportPackage/src/i2c_driver.c", line 153: remark #1528-D: (ULP 3.1) Detected flag polling using eUSCI_BUSY. Recommend using an interrupt combined with enter LPMx and ISR
"C:/Users/Alex Perera/Desktop/Senior/GITHUB/BoardSupportPackage/src/i2c_driver.c", line 223: remark #1528-D: (ULP 3.1) Detected flag polling using eUSCI_BUSY. Recommend using an interrupt combined with enter LPMx and ISR
"C:/Users/Alex Perera/Desktop/Senior/GITHUB/BoardSupportPackage/src/i2c_driver.c", line 240: remark #1528-D: (ULP 3.1) Detected flag polling using eUSCI_BUSY. Recommend using an interrupt combined with enter LPMx and ISR
"C:/Users/Alex Perera/Desktop/Senior/GITHUB/BoardSupportPackage/src/i2c_driver.c", line 310: remark #1528-D: (ULP 3.1) Detected flag polling using eUSCI_BUSY. Recommend using an interrupt combined with enter LPMx and ISR
"C:/Users/Alex Perera/Desktop/Senior/GITHUB/BoardSupportPackage/src/i2c_driver.c", line 327: remark #1528-D: (ULP 3.1) Detected flag polling using eUSCI_BUSY. Recommend using an interrupt combined with enter LPMx and ISR
'Finished building: "C:/Users/Alex Perera/Desktop/Senior/GITHUB/BoardSupportPackage/src/i2c_driver.c"'
 
'Building file: "C:/Users/Alex Perera/Desktop/Senior/GITHUB/BoardSupportPackage/src/motor_driver.c"'
'Invoking: ARM Compiler'
"C:/ti/ccsv7/tools/compiler/ti-cgt-arm_16.9.8.LTS/bin/armcl" -mv7M4 --code_state=16 --float_support=FPv4SPD16 -me --opt_for_speed=2 --include_path="C:/Users/Alex Perera/Desktop/Senior/GITHUB/BoardSupportPackage/inc" --include_path="C:/Users/Alex Perera/Desktop/Senior/GITHUB/BoardSupportPackage/src" --include_path="C:/Users/Alex Perera/Desktop/Senior/GITHUB/BoardSupportPackage/DriverLib" --include_path="C:/ti/ccsv7/ccs_base/arm/include" --include_path="C:/ti/ccsv7/ccs_base/arm/include/CMSIS" --include_path="C:/Users/Alex Perera/Desktop/Senior/GITHUB/WALLE_Robot" --include_path="C:/ti/ccsv7/tools/compiler/ti-cgt-arm_16.9.8.LTS/include" --advice:power="1,3,4,5.3,7,9,10,12" --define=ccs --define=__MSP432P401R__ -g --c99 --gcc --diag_warning=225 --diag_wrap=off --display_error_number --abi=eabi --preproc_with_compile --preproc_dependency="BoardSupportPackage/src/motor_driver.d_raw" --obj_directory="BoardSupportPackage/src"  "C:/Users/Alex Perera/Desktop/Senior/GITHUB/BoardSupportPackage/src/motor_driver.c"
'Finished building: "C:/Users/Alex Perera/Desktop/Senior/GITHUB/BoardSupportPackage/src/motor_driver.c"'
 
'Building file: "C:/Users/Alex Perera/Desktop/Senior/GITHUB/BoardSupportPackage/src/opt3001.c"'
'Invoking: ARM Compiler'
"C:/ti/ccsv7/tools/compiler/ti-cgt-arm_16.9.8.LTS/bin/armcl" -mv7M4 --code_state=16 --float_support=FPv4SPD16 -me --opt_for_speed=2 --include_path="C:/Users/Alex Perera/Desktop/Senior/GITHUB/BoardSupportPackage/inc" --include_path="C:/Users/Alex Perera/Desktop/Senior/GITHUB/BoardSupportPackage/src" --include_path="C:/Users/Alex Perera/Desktop/Senior/GITHUB/BoardSupportPackage/DriverLib" --include_path="C:/ti/ccsv7/ccs_base/arm/include" --include_path="C:/ti/ccsv7/ccs_base/arm/include/CMSIS" --include_path="C:/Users/Alex Perera/Desktop/Senior/GITHUB/WALLE_Robot" --include_path="C:/ti/ccsv7/tools/compiler/ti-cgt-arm_16.9.8.LTS/include" --advice:power="1,3,4,5.3,7,9,10,12" --define=ccs --define=__MSP432P401R__ -g --c99 --gcc --diag_warning=225 --diag_wrap=off --display_error_number --abi=eabi --preproc_with_compile --preproc_dependency="BoardSupportPackage/src/opt3001.d_raw" --obj_directory="BoardSupportPackage/src"  "C:/Users/Alex Perera/Desktop/Senior/GITHUB/BoardSupportPackage/src/opt3001.c"
'Finished building: "C:/Users/Alex Perera/Desktop/Senior/GITHUB/BoardSupportPackage/src/opt3001.c"'
 
'Building file: "C:/Users/Alex Perera/Desktop/Senior/GITHUB/BoardSupportPackage/src/pwm.c"'
'Invoking: ARM Compiler'
"C:/ti/ccsv7/tools/compiler/ti-cgt-arm_16.9.8.LTS/bin/armcl" -mv7M4 --code_state=16 --float_support=FPv4SPD16 -me --opt_for_speed=2 --include_path="C:/Users/Alex Perera/Desktop/Senior/GITHUB/BoardSupportPackage/inc" --include_path="C:/Users/Alex Perera/Desktop/Senior/GITHUB/BoardSupportPackage/src" --include_path="C:/Users/Alex Perera/Desktop/Senior/GITHUB/BoardSupportPackage/DriverLib" --include_path="C:/ti/ccsv7/ccs_base/arm/include" --include_path="C:/ti/ccsv7/ccs_base/arm/include/CMSIS" --include_path="C:/Users/Alex Perera/Desktop/Senior/GITHUB/WALLE_Robot" --include_path="C:/ti/ccsv7/tools/compiler/ti-cgt-arm_16.9.8.LTS/include" --advice:power="1,3,4,5.3,7,9,10,12" --define=ccs --define=__MSP432P401R__ -g --c99 --gcc --diag_warning=225 --diag_wrap=off --display_error_number --abi=eabi --preproc_with_compile --preproc_dependency="BoardSupportPackage/src/pwm.d_raw" --obj_directory="BoardSupportPackage/src"  "C:/Users/Alex Perera/Desktop/Senior/GITHUB/BoardSupportPackage/src/pwm.c"
'Finished building: "C:/Users/Alex Perera/Desktop/Senior/GITHUB/BoardSupportPackage/src/pwm.c"'
 
'Building file: "C:/Users/Alex Perera/Desktop/Senior/GITHUB/BoardSupportPackage/src/xbee.c"'
'Invoking: ARM Compiler'
"C:/ti/ccsv7/tools/compiler/ti-cgt-arm_16.9.8.LTS/bin/armcl" -mv7M4 --code_state=16 --float_support=FPv4SPD16 -me --opt_for_speed=2 --include_path="C:/Users/Alex Perera/Desktop/Senior/GITHUB/BoardSupportPackage/inc" --include_path="C:/Users/Alex Perera/Desktop/Senior/GITHUB/BoardSupportPackage/src" --include_path="C:/Users/Alex Perera/Desktop/Senior/GITHUB/BoardSupportPackage/DriverLib" --include_path="C:/ti/ccsv7/ccs_base/arm/include" --include_path="C:/ti/ccsv7/ccs_base/arm/include/CMSIS" --include_path="C:/Users/Alex Perera/Desktop/Senior/GITHUB/WALLE_Robot" --include_path="C:/ti/ccsv7/tools/compiler/ti-cgt-arm_16.9.8.LTS/include" --advice:power="1,3,4,5.3,7,9,10,12" --define=ccs --define=__MSP432P401R__ -g --c99 --gcc --diag_warning=225 --diag_wrap=off --display_error_number --abi=eabi --preproc_with_compile --preproc_dependency="BoardSupportPackage/src/xbee.d_raw" --obj_directory="BoardSupportPackage/src"  "C:/Users/Alex Perera/Desktop/Senior/GITHUB/BoardSupportPackage/src/xbee.c"
"C:/Users/Alex Perera/Desktop/Senior/GITHUB/BoardSupportPackage/src/xbee.c", line 47: remark #1528-D: (ULP 3.1) Detected flag polling using EUSCI_A_IFG_TXIFG. Recommend using an interrupt combined with enter LPMx and ISR
"C:/Users/Alex Perera/Desktop/Senior/GITHUB/BoardSupportPackage/src/xbee.c", line 50: remark #1528-D: (ULP 3.1) Detected flag polling using EUSCI_A_IFG_TXIFG. Recommend using an interrupt combined with enter LPMx and ISR
"C:/Users/Alex Perera/Desktop/Senior/GITHUB/BoardSupportPackage/src/xbee.c", line 53: remark #1528-D: (ULP 3.1) Detected flag polling using EUSCI_A_IFG_TXIFG. Recommend using an interrupt combined with enter LPMx and ISR
"C:/Users/Alex Perera/Desktop/Senior/GITHUB/BoardSupportPackage/src/xbee.c", line 56: remark #1528-D: (ULP 3.1) Detected flag polling using EUSCI_A_IFG_TXIFG. Recommend using an interrupt combined with enter LPMx and ISR
"C:/Users/Alex Perera/Desktop/Senior/GITHUB/BoardSupportPackage/src/xbee.c", line 59: remark #1528-D: (ULP 3.1) Detected flag polling using EUSCI_A_IFG_TXIFG. Recommend using an interrupt combined with enter LPMx and ISR
"C:/Users/Alex Perera/Desktop/Senior/GITHUB/BoardSupportPackage/src/xbee.c", line 78: remark #1528-D: (ULP 3.1) Detected flag polling using EUSCI_A_IFG_TXIFG. Recommend using an interrupt combined with enter LPMx and ISR
"C:/Users/Alex Perera/Desktop/Senior/GITHUB/BoardSupportPackage/src/xbee.c", line 81: remark #1528-D: (ULP 3.1) Detected flag polling using EUSCI_A_IFG_TXIFG. Recommend using an interrupt combined with enter LPMx and ISR
"C:/Users/Alex Perera/Desktop/Senior/GITHUB/BoardSupportPackage/src/xbee.c", line 84: remark #1528-D: (ULP 3.1) Detected flag polling using EUSCI_A_IFG_TXIFG. Recommend using an interrupt combined with enter LPMx and ISR
"C:/Users/Alex Perera/Desktop/Senior/GITHUB/BoardSupportPackage/src/xbee.c", line 87: remark #1528-D: (ULP 3.1) Detected flag polling using EUSCI_A_IFG_TXIFG. Recommend using an interrupt combined with enter LPMx and ISR
"C:/Users/Alex Perera/Desktop/Senior/GITHUB/BoardSupportPackage/src/xbee.c", line 90: remark #1528-D: (ULP 3.1) Detected flag polling using EUSCI_A_IFG_TXIFG. Recommend using an interrupt combined with enter LPMx and ISR
"C:/Users/Alex Perera/Desktop/Senior/GITHUB/BoardSupportPackage/src/xbee.c", line 93: remark #1528-D: (ULP 3.1) Detected flag polling using EUSCI_A_IFG_TXIFG. Recommend using an interrupt combined with enter LPMx and ISR
"C:/Users/Alex Perera/Desktop/Senior/GITHUB/BoardSupportPackage/src/xbee.c", line 96: remark #1528-D: (ULP 3.1) Detected flag polling using EUSCI_A_IFG_TXIFG. Recommend using an interrupt combined with enter LPMx and ISR
"C:/Users/Alex Perera/Desktop/Senior/GITHUB/BoardSupportPackage/src/xbee.c", line 117: remark #1528-D: (ULP 3.1) Detected flag polling using EUSCI_A_IFG_RXIFG. Recommend using an interrupt combined with enter LPMx and ISR
"C:/Users/Alex Perera/Desktop/Senior/GITHUB/BoardSupportPackage/src/xbee.c", line 122: remark #1528-D: (ULP 3.1) Detected flag polling using EUSCI_A_IFG_RXIFG. Recommend using an interrupt combined with enter LPMx and ISR
"C:/Users/Alex Perera/Desktop/Senior/GITHUB/BoardSupportPackage/src/xbee.c", line 125: remark #1528-D: (ULP 3.1) Detected flag polling using EUSCI_A_IFG_RXIFG. Recommend using an interrupt combined with enter LPMx and ISR
"C:/Users/Alex Perera/Desktop/Senior/GITHUB/BoardSupportPackage/src/xbee.c", line 128: remark #1528-D: (ULP 3.1) Detected flag polling using EUSCI_A_IFG_RXIFG. Recommend using an interrupt combined with enter LPMx and ISR
"C:/Users/Alex Perera/Desktop/Senior/GITHUB/BoardSupportPackage/src/xbee.c", line 131: remark #1528-D: (ULP 3.1) Detected flag polling using EUSCI_A_IFG_RXIFG. Recommend using an interrupt combined with enter LPMx and ISR
"C:/Users/Alex Perera/Desktop/Senior/GITHUB/BoardSupportPackage/src/xbee.c", line 134: remark #1528-D: (ULP 3.1) Detected flag polling using EUSCI_A_IFG_RXIFG. Recommend using an interrupt combined with enter LPMx and ISR
"C:/Users/Alex Perera/Desktop/Senior/GITHUB/BoardSupportPackage/src/xbee.c", line 137: remark #1528-D: (ULP 3.1) Detected flag polling using EUSCI_A_IFG_RXIFG. Recommend using an interrupt combined with enter LPMx and ISR
'Finished building: "C:/Users/Alex Perera/Desktop/Senior/GITHUB/BoardSupportPackage/src/xbee.c"'
 
'Building file: "C:/Users/Alex Perera/Desktop/Senior/GITHUB/BoardSupportPackage/src/tmp007.c"'
'Invoking: ARM Compiler'
"C:/ti/ccsv7/tools/compiler/ti-cgt-arm_16.9.8.LTS/bin/armcl" -mv7M4 --code_state=16 --float_support=FPv4SPD16 -me --opt_for_speed=2 --include_path="C:/Users/Alex Perera/Desktop/Senior/GITHUB/BoardSupportPackage/inc" --include_path="C:/Users/Alex Perera/Desktop/Senior/GITHUB/BoardSupportPackage/src" --include_path="C:/Users/Alex Perera/Desktop/Senior/GITHUB/BoardSupportPackage/DriverLib" --include_path="C:/ti/ccsv7/ccs_base/arm/include" --include_path="C:/ti/ccsv7/ccs_base/arm/include/CMSIS" --include_path="C:/Users/Alex Perera/Desktop/Senior/GITHUB/WALLE_Robot" --include_path="C:/ti/ccsv7/tools/compiler/ti-cgt-arm_16.9.8.LTS/include" --advice:power="1,3,4,5.3,7,9,10,12" --define=ccs --define=__MSP432P401R__ -g --c99 --gcc --diag_warning=225 --diag_wrap=off --display_error_number --abi=eabi --preproc_with_compile --preproc_dependency="BoardSupportPackage/src/tmp007.d_raw" --obj_directory="BoardSupportPackage/src"  "C:/Users/Alex Perera/Desktop/Senior/GITHUB/BoardSupportPackage/src/tmp007.c"
'Finished building: "C:/Users/Alex Perera/Desktop/Senior/GITHUB/BoardSupportPackage/src/tmp007.c"'
 
'Building file: "C:/Users/Alex Perera/Desktop/Senior/GITHUB/BoardSupportPackage/src/bmi160.c"'
'Invoking: ARM Compiler'
"C:/ti/ccsv7/tools/compiler/ti-cgt-arm_16.9.8.LTS/bin/armcl" -mv7M4 --code_state=16 --float_support=FPv4SPD16 -me --opt_for_speed=2 --include_path="C:/Users/Alex Perera/Desktop/Senior/GITHUB/BoardSupportPackage/inc" --include_path="C:/Users/Alex Perera/Desktop/Senior/GITHUB/BoardSupportPackage/src" --include_path="C:/Users/Alex Perera/Desktop/Senior/GITHUB/BoardSupportPackage/DriverLib" --include_path="C:/ti/ccsv7/ccs_base/arm/include" --include_path="C:/ti/ccsv7/ccs_base/arm/include/CMSIS" --include_path="C:/Users/Alex Perera/Desktop/Senior/GITHUB/WALLE_Robot" --include_path="C:/ti/ccsv7/tools/compiler/ti-cgt-arm_16.9.8.LTS/include" --advice:power="1,3,4,5.3,7,9,10,12" --define=ccs --define=__MSP432P401R__ -g --c99 --gcc --diag_warning=225 --diag_wrap=off --display_error_number --abi=eabi --preproc_with_compile --preproc_dependency="BoardSupportPackage/src/bmi160.d_raw" --obj_directory="BoardSupportPackage/src"  "C:/Users/Alex Perera/Desktop/Senior/GITHUB/BoardSupportPackage/src/bmi160.c"
"C:/Users/Alex Perera/Desktop/Senior/GITHUB/BoardSupportPackage/src/bmi160.c", line 15470: remark #1543-D: (ULP 12.2) Detected for loop with repetitive data transfer. Recommend using DMA
'Finished building: "C:/Users/Alex Perera/Desktop/Senior/GITHUB/BoardSupportPackage/src/bmi160.c"'
 
'Building target: "WALLE_Robot.out"'
'Invoking: ARM Linker'
"C:/ti/ccsv7/tools/compiler/ti-cgt-arm_16.9.8.LTS/bin/armcl" -mv7M4 --code_state=16 --float_support=FPv4SPD16 -me --opt_for_speed=2 --advice:power="1,3,4,5.3,7,9,10,12" --define=ccs --define=__MSP432P401R__ -g --c99 --gcc --diag_warning=225 --diag_wrap=off --display_error_number --abi=eabi -z -m"WALLE_Robot.map" --heap_size=1024 --stack_size=512 -i"C:/ti/ccsv7/ccs_base/arm/include" -i"C:/ti/ccsv7/tools/compiler/ti-cgt-arm_16.9.8.LTS/lib" -i"C:/ti/ccsv7/tools/compiler/ti-cgt-arm_16.9.8.LTS/include" --reread_libs --diag_wrap=off --display_error_number --warn_sections --xml_link_info="WALLE_Robot_linkInfo.xml" --rom_model -o "WALLE_Robot.out" "./main.obj" "./startup_msp432p401r_ccs.obj" "./system_msp432p401r.obj" "./BoardSupportPackage/src/AsciiLib.obj" "./BoardSupportPackage/src/BSP.obj" "./BoardSupportPackage/src/BackChannelUart.obj" "./BoardSupportPackage/src/ClockSys.obj" "./BoardSupportPackage/src/Joystick.obj" "./BoardSupportPackage/src/LCD.obj" "./BoardSupportPackage/src/LED.obj" "./BoardSupportPackage/src/Servo.obj" "./BoardSupportPackage/src/UARTs.obj" "./BoardSupportPackage/src/UltraSonic.obj" "./BoardSupportPackage/src/Wifi.obj" "./BoardSupportPackage/src/bluetooth.obj" "./BoardSupportPackage/src/bme280.obj" "./BoardSupportPackage/src/bme280_support.obj" "./BoardSupportPackage/src/bmi160.obj" "./BoardSupportPackage/src/bmi160_support.obj" "./BoardSupportPackage/src/camera.obj" "./BoardSupportPackage/src/controller.obj" "./BoardSupportPackage/src/demo_sysctl.obj" "./BoardSupportPackage/src/i2c_driver.obj" "./BoardSupportPackage/src/motor_driver.obj" "./BoardSupportPackage/src/opt3001.obj" "./BoardSupportPackage/src/pwm.obj" "./BoardSupportPackage/src/tmp007.obj" "./BoardSupportPackage/src/xbee.obj" "../msp432p401r.cmd" "C:/Users/Alex Perera/Desktop/Senior/GITHUB/BoardSupportPackage/DriverLib/msp432p4xx_driverlib.lib"  -llibc.a 
<Linking>
remark #10371-D: (ULP 1.1) Detected no uses of low power mode state changing instructions
remark #10372-D: (ULP 4.1) Detected uninitialized Port 1 in this project. Recommend initializing all unused ports to eliminate wasted current consumption on unused pins.
remark #10372-D: (ULP 4.1) Detected uninitialized Port 2 in this project. Recommend initializing all unused ports to eliminate wasted current consumption on unused pins.
remark #10372-D: (ULP 4.1) Detected uninitialized Port 3 in this project. Recommend initializing all unused ports to eliminate wasted current consumption on unused pins.
remark #10372-D: (ULP 4.1) Detected uninitialized Port 4 in this project. Recommend initializing all unused ports to eliminate wasted current consumption on unused pins.
remark #10372-D: (ULP 4.1) Detected uninitialized Port 5 in this project. Recommend initializing all unused ports to eliminate wasted current consumption on unused pins.
remark #10372-D: (ULP 4.1) Detected uninitialized Port 6 in this project. Recommend initializing all unused ports to eliminate wasted current consumption on unused pins.
remark #10372-D: (ULP 4.1) Detected uninitialized Port 7 in this project. Recommend initializing all unused ports to eliminate wasted current consumption on unused pins.
remark #10372-D: (ULP 4.1) Detected uninitialized Port 8 in this project. Recommend initializing all unused ports to eliminate wasted current consumption on unused pins.
remark #10372-D: (ULP 4.1) Detected uninitialized Port 9 in this project. Recommend initializing all unused ports to eliminate wasted current consumption on unused pins.
remark #10372-D: (ULP 4.1) Detected uninitialized Port 10 in this project. Recommend initializing all unused ports to eliminate wasted current consumption on unused pins.
'Finished building target: "WALLE_Robot.out"'
 

**** Build Finished ****
